2020-04-22 16:25:19,153 INFO org.springframework.boot.StartupInfoLogger [main] Starting MemberManagementApplication on DESKTOP-K7CJ5KJ with PID 4248 (D:\UST Global\TICL\Metoring program\local repo\member-management\target\classes started by user in D:\UST Global\TICL\Metoring program\local repo\member-management)
2020-04-22 16:25:19,160 INFO org.springframework.boot.SpringApplication [main] No active profile set, falling back to default profiles: default
2020-04-22 16:25:19,312 INFO org.springframework.boot.StartupInfoLogger [main] Starting MemberManagementApplication on DESKTOP-K7CJ5KJ with PID 13480 (D:\UST Global\TICL\Metoring program\local repo\member-management\target\classes started by user in D:\UST Global\TICL\Metoring program\local repo\member-management)
2020-04-22 16:25:19,319 INFO org.springframework.boot.SpringApplication [main] No active profile set, falling back to default profiles: default
2020-04-22 16:25:23,259 INFO org.springframework.data.repository.config.RepositoryConfigurationDelegate [main] Bootstrapping Spring Data JPA repositories in DEFAULT mode.
2020-04-22 16:25:23,495 INFO org.springframework.data.repository.config.RepositoryConfigurationDelegate [main] Finished Spring Data repository scanning in 207ms. Found 1 JPA repository interfaces.
2020-04-22 16:25:23,631 INFO org.springframework.data.repository.config.RepositoryConfigurationDelegate [main] Bootstrapping Spring Data JPA repositories in DEFAULT mode.
2020-04-22 16:25:23,907 INFO org.springframework.data.repository.config.RepositoryConfigurationDelegate [main] Finished Spring Data repository scanning in 234ms. Found 1 JPA repository interfaces.
2020-04-22 16:25:26,536 INFO org.springframework.boot.web.embedded.tomcat.TomcatWebServer [main] Tomcat initialized with port(s): 8081 (http)
2020-04-22 16:25:26,557 INFO org.apache.juli.logging.DirectJDKLog [main] Initializing ProtocolHandler ["http-nio-8081"]
2020-04-22 16:25:26,559 INFO org.apache.juli.logging.DirectJDKLog [main] Starting service [Tomcat]
2020-04-22 16:25:26,559 INFO org.apache.juli.logging.DirectJDKLog [main] Starting Servlet engine: [Apache Tomcat/9.0.33]
2020-04-22 16:25:26,876 INFO org.apache.juli.logging.DirectJDKLog [main] Initializing Spring embedded WebApplicationContext
2020-04-22 16:25:26,876 INFO org.springframework.boot.web.servlet.context.ServletWebServerApplicationContext [main] Root WebApplicationContext: initialization completed in 7526 ms
2020-04-22 16:25:26,962 INFO org.springframework.boot.web.embedded.tomcat.TomcatWebServer [main] Tomcat initialized with port(s): 8081 (http)
2020-04-22 16:25:27,001 INFO org.apache.juli.logging.DirectJDKLog [main] Initializing ProtocolHandler ["http-nio-8081"]
2020-04-22 16:25:27,004 INFO org.apache.juli.logging.DirectJDKLog [main] Starting service [Tomcat]
2020-04-22 16:25:27,004 INFO org.apache.juli.logging.DirectJDKLog [main] Starting Servlet engine: [Apache Tomcat/9.0.33]
2020-04-22 16:25:27,502 INFO org.apache.juli.logging.DirectJDKLog [main] Initializing Spring embedded WebApplicationContext
2020-04-22 16:25:27,503 INFO org.springframework.boot.web.servlet.context.ServletWebServerApplicationContext [main] Root WebApplicationContext: initialization completed in 7866 ms
2020-04-22 16:25:28,160 INFO com.zaxxer.hikari.HikariDataSource [main] HikariPool-1 - Starting...
2020-04-22 16:25:28,888 INFO com.zaxxer.hikari.HikariDataSource [main] HikariPool-1 - Starting...
2020-04-22 16:25:29,011 INFO com.zaxxer.hikari.HikariDataSource [main] HikariPool-1 - Start completed.
2020-04-22 16:25:29,291 INFO com.zaxxer.hikari.HikariDataSource [main] HikariPool-1 - Start completed.
2020-04-22 16:25:29,354 INFO org.hibernate.jpa.internal.util.LogHelper [main] HHH000204: Processing PersistenceUnitInfo [name: default]
2020-04-22 16:25:29,561 INFO org.hibernate.jpa.internal.util.LogHelper [main] HHH000204: Processing PersistenceUnitInfo [name: default]
2020-04-22 16:25:29,621 INFO org.hibernate.Version [main] HHH000412: Hibernate ORM core version 5.4.12.Final
2020-04-22 16:25:29,795 INFO org.hibernate.Version [main] HHH000412: Hibernate ORM core version 5.4.12.Final
2020-04-22 16:25:30,104 INFO org.hibernate.annotations.common.reflection.java.JavaReflectionManager [main] HCANN000001: Hibernate Commons Annotations {5.1.0.Final}
2020-04-22 16:25:30,250 INFO org.hibernate.annotations.common.reflection.java.JavaReflectionManager [main] HCANN000001: Hibernate Commons Annotations {5.1.0.Final}
2020-04-22 16:25:30,457 INFO org.hibernate.dialect.Dialect [main] HHH000400: Using dialect: org.hibernate.dialect.PostgreSQL92Dialect
2020-04-22 16:25:30,543 INFO org.hibernate.dialect.Dialect [main] HHH000400: Using dialect: org.hibernate.dialect.PostgreSQL92Dialect
2020-04-22 16:25:33,513 INFO org.hibernate.engine.transaction.jta.platform.internal.JtaPlatformInitiator [main] HHH000490: Using JtaPlatform implementation: [org.hibernate.engine.transaction.jta.platform.internal.NoJtaPlatform]
2020-04-22 16:25:33,527 INFO org.springframework.orm.jpa.AbstractEntityManagerFactoryBean [main] Initialized JPA EntityManagerFactory for persistence unit 'default'
2020-04-22 16:25:33,528 INFO org.hibernate.engine.transaction.jta.platform.internal.JtaPlatformInitiator [main] HHH000490: Using JtaPlatform implementation: [org.hibernate.engine.transaction.jta.platform.internal.NoJtaPlatform]
2020-04-22 16:25:33,544 INFO org.springframework.orm.jpa.AbstractEntityManagerFactoryBean [main] Initialized JPA EntityManagerFactory for persistence unit 'default'
2020-04-22 16:25:42,971 WARN org.springframework.boot.autoconfigure.orm.jpa.JpaBaseConfiguration$JpaWebConfiguration [main] spring.jpa.open-in-view is enabled by default. Therefore, database queries may be performed during view rendering. Explicitly configure spring.jpa.open-in-view to disable this warning
2020-04-22 16:25:43,375 INFO org.springframework.scheduling.concurrent.ExecutorConfigurationSupport [main] Initializing ExecutorService 'applicationTaskExecutor'
2020-04-22 16:25:58,905 INFO org.springframework.boot.StartupInfoLogger [main] Starting MemberManagementApplication on DESKTOP-K7CJ5KJ with PID 4136 (D:\UST Global\TICL\Metoring program\local repo\member-management\target\classes started by user in D:\UST Global\TICL\Metoring program\local repo\member-management)
2020-04-22 16:25:58,911 INFO org.springframework.boot.SpringApplication [main] No active profile set, falling back to default profiles: default
2020-04-22 16:26:00,837 INFO org.springframework.data.repository.config.RepositoryConfigurationDelegate [main] Bootstrapping Spring Data JPA repositories in DEFAULT mode.
2020-04-22 16:26:01,069 INFO org.springframework.data.repository.config.RepositoryConfigurationDelegate [main] Finished Spring Data repository scanning in 206ms. Found 1 JPA repository interfaces.
2020-04-22 16:26:03,117 INFO org.springframework.boot.web.embedded.tomcat.TomcatWebServer [main] Tomcat initialized with port(s): 8081 (http)
2020-04-22 16:26:03,136 INFO org.apache.juli.logging.DirectJDKLog [main] Initializing ProtocolHandler ["http-nio-8081"]
2020-04-22 16:26:03,137 INFO org.apache.juli.logging.DirectJDKLog [main] Starting service [Tomcat]
2020-04-22 16:26:03,138 INFO org.apache.juli.logging.DirectJDKLog [main] Starting Servlet engine: [Apache Tomcat/9.0.33]
2020-04-22 16:26:03,397 INFO org.apache.juli.logging.DirectJDKLog [main] Initializing Spring embedded WebApplicationContext
2020-04-22 16:26:03,398 INFO org.springframework.boot.web.servlet.context.ServletWebServerApplicationContext [main] Root WebApplicationContext: initialization completed in 4350 ms
2020-04-22 16:26:04,112 INFO com.zaxxer.hikari.HikariDataSource [main] HikariPool-1 - Starting...
2020-04-22 16:26:04,463 INFO com.zaxxer.hikari.HikariDataSource [main] HikariPool-1 - Start completed.
2020-04-22 16:26:04,646 INFO org.hibernate.jpa.internal.util.LogHelper [main] HHH000204: Processing PersistenceUnitInfo [name: default]
2020-04-22 16:26:04,786 INFO org.hibernate.Version [main] HHH000412: Hibernate ORM core version 5.4.12.Final
2020-04-22 16:26:05,053 INFO org.hibernate.annotations.common.reflection.java.JavaReflectionManager [main] HCANN000001: Hibernate Commons Annotations {5.1.0.Final}
2020-04-22 16:26:05,281 INFO org.hibernate.dialect.Dialect [main] HHH000400: Using dialect: org.hibernate.dialect.PostgreSQL92Dialect
2020-04-22 16:26:07,545 INFO org.hibernate.engine.transaction.jta.platform.internal.JtaPlatformInitiator [main] HHH000490: Using JtaPlatform implementation: [org.hibernate.engine.transaction.jta.platform.internal.NoJtaPlatform]
2020-04-22 16:26:07,560 INFO org.springframework.orm.jpa.AbstractEntityManagerFactoryBean [main] Initialized JPA EntityManagerFactory for persistence unit 'default'
2020-04-22 16:26:09,640 WARN org.springframework.boot.autoconfigure.orm.jpa.JpaBaseConfiguration$JpaWebConfiguration [main] spring.jpa.open-in-view is enabled by default. Therefore, database queries may be performed during view rendering. Explicitly configure spring.jpa.open-in-view to disable this warning
2020-04-22 16:26:10,009 INFO org.springframework.scheduling.concurrent.ExecutorConfigurationSupport [main] Initializing ExecutorService 'applicationTaskExecutor'
2020-04-22 16:26:11,136 INFO org.apache.juli.logging.DirectJDKLog [main] Starting ProtocolHandler ["http-nio-8081"]
2020-04-22 16:26:11,210 INFO org.springframework.boot.web.embedded.tomcat.TomcatWebServer [main] Tomcat started on port(s): 8081 (http) with context path ''
2020-04-22 16:26:11,214 INFO org.springframework.boot.StartupInfoLogger [main] Started MemberManagementApplication in 13.279 seconds (JVM running for 14.286)
2020-04-22 16:26:32,521 INFO org.springframework.boot.StartupInfoLogger [main] Starting MemberManagementApplication on DESKTOP-K7CJ5KJ with PID 1360 (D:\UST Global\TICL\Metoring program\local repo\member-management\target\classes started by user in D:\UST Global\TICL\Metoring program\local repo\member-management)
2020-04-22 16:26:32,530 INFO org.springframework.boot.SpringApplication [main] No active profile set, falling back to default profiles: default
2020-04-22 16:26:34,446 INFO org.springframework.data.repository.config.RepositoryConfigurationDelegate [main] Bootstrapping Spring Data JPA repositories in DEFAULT mode.
2020-04-22 16:26:34,610 INFO org.springframework.data.repository.config.RepositoryConfigurationDelegate [main] Finished Spring Data repository scanning in 134ms. Found 1 JPA repository interfaces.
2020-04-22 16:26:36,504 INFO org.springframework.boot.web.embedded.tomcat.TomcatWebServer [main] Tomcat initialized with port(s): 8081 (http)
2020-04-22 16:26:36,520 INFO org.apache.juli.logging.DirectJDKLog [main] Initializing ProtocolHandler ["http-nio-8081"]
2020-04-22 16:26:36,521 INFO org.apache.juli.logging.DirectJDKLog [main] Starting service [Tomcat]
2020-04-22 16:26:36,521 INFO org.apache.juli.logging.DirectJDKLog [main] Starting Servlet engine: [Apache Tomcat/9.0.33]
2020-04-22 16:26:36,763 INFO org.apache.juli.logging.DirectJDKLog [main] Initializing Spring embedded WebApplicationContext
2020-04-22 16:26:36,763 INFO org.springframework.boot.web.servlet.context.ServletWebServerApplicationContext [main] Root WebApplicationContext: initialization completed in 4103 ms
2020-04-22 16:26:37,374 INFO com.zaxxer.hikari.HikariDataSource [main] HikariPool-1 - Starting...
2020-04-22 16:26:37,685 INFO com.zaxxer.hikari.HikariDataSource [main] HikariPool-1 - Start completed.
2020-04-22 16:26:38,160 INFO org.hibernate.jpa.internal.util.LogHelper [main] HHH000204: Processing PersistenceUnitInfo [name: default]
2020-04-22 16:26:38,402 INFO org.hibernate.Version [main] HHH000412: Hibernate ORM core version 5.4.12.Final
2020-04-22 16:26:38,781 INFO org.hibernate.annotations.common.reflection.java.JavaReflectionManager [main] HCANN000001: Hibernate Commons Annotations {5.1.0.Final}
2020-04-22 16:26:38,979 INFO org.hibernate.dialect.Dialect [main] HHH000400: Using dialect: org.hibernate.dialect.PostgreSQL92Dialect
2020-04-22 16:26:41,368 INFO org.hibernate.engine.transaction.jta.platform.internal.JtaPlatformInitiator [main] HHH000490: Using JtaPlatform implementation: [org.hibernate.engine.transaction.jta.platform.internal.NoJtaPlatform]
2020-04-22 16:26:41,386 INFO org.springframework.orm.jpa.AbstractEntityManagerFactoryBean [main] Initialized JPA EntityManagerFactory for persistence unit 'default'
2020-04-22 16:26:46,381 WARN org.springframework.boot.autoconfigure.orm.jpa.JpaBaseConfiguration$JpaWebConfiguration [main] spring.jpa.open-in-view is enabled by default. Therefore, database queries may be performed during view rendering. Explicitly configure spring.jpa.open-in-view to disable this warning
2020-04-22 16:26:46,840 INFO org.springframework.scheduling.concurrent.ExecutorConfigurationSupport [main] Initializing ExecutorService 'applicationTaskExecutor'
2020-04-22 16:26:48,144 INFO org.apache.juli.logging.DirectJDKLog [main] Starting ProtocolHandler ["http-nio-8081"]
2020-04-22 16:26:48,191 INFO org.springframework.boot.web.embedded.tomcat.TomcatWebServer [main] Tomcat started on port(s): 8081 (http) with context path ''
2020-04-22 16:26:48,194 INFO org.springframework.boot.StartupInfoLogger [main] Started MemberManagementApplication in 16.695 seconds (JVM running for 17.568)
2020-04-22 16:27:38,548 INFO org.springframework.boot.StartupInfoLogger [main] Starting MemberManagementApplication on DESKTOP-K7CJ5KJ with PID 10624 (D:\UST Global\TICL\Metoring program\local repo\member-management\target\classes started by user in D:\UST Global\TICL\Metoring program\local repo\member-management)
2020-04-22 16:27:38,554 INFO org.springframework.boot.SpringApplication [main] No active profile set, falling back to default profiles: default
2020-04-22 16:27:40,443 INFO org.springframework.data.repository.config.RepositoryConfigurationDelegate [main] Bootstrapping Spring Data JPA repositories in DEFAULT mode.
2020-04-22 16:27:40,639 INFO org.springframework.data.repository.config.RepositoryConfigurationDelegate [main] Finished Spring Data repository scanning in 173ms. Found 1 JPA repository interfaces.
2020-04-22 16:27:42,414 INFO org.springframework.boot.web.embedded.tomcat.TomcatWebServer [main] Tomcat initialized with port(s): 8081 (http)
2020-04-22 16:27:42,429 INFO org.apache.juli.logging.DirectJDKLog [main] Initializing ProtocolHandler ["http-nio-8081"]
2020-04-22 16:27:42,430 INFO org.apache.juli.logging.DirectJDKLog [main] Starting service [Tomcat]
2020-04-22 16:27:42,431 INFO org.apache.juli.logging.DirectJDKLog [main] Starting Servlet engine: [Apache Tomcat/9.0.33]
2020-04-22 16:27:42,613 INFO org.apache.juli.logging.DirectJDKLog [main] Initializing Spring embedded WebApplicationContext
2020-04-22 16:27:42,614 INFO org.springframework.boot.web.servlet.context.ServletWebServerApplicationContext [main] Root WebApplicationContext: initialization completed in 3924 ms
2020-04-22 16:27:43,167 INFO com.zaxxer.hikari.HikariDataSource [main] HikariPool-1 - Starting...
2020-04-22 16:27:43,409 INFO com.zaxxer.hikari.HikariDataSource [main] HikariPool-1 - Start completed.
2020-04-22 16:27:43,583 INFO org.hibernate.jpa.internal.util.LogHelper [main] HHH000204: Processing PersistenceUnitInfo [name: default]
2020-04-22 16:27:43,865 INFO org.hibernate.Version [main] HHH000412: Hibernate ORM core version 5.4.12.Final
2020-04-22 16:27:44,222 INFO org.hibernate.annotations.common.reflection.java.JavaReflectionManager [main] HCANN000001: Hibernate Commons Annotations {5.1.0.Final}
2020-04-22 16:27:44,409 INFO org.hibernate.dialect.Dialect [main] HHH000400: Using dialect: org.hibernate.dialect.PostgreSQL92Dialect
2020-04-22 16:27:46,715 INFO org.hibernate.engine.transaction.jta.platform.internal.JtaPlatformInitiator [main] HHH000490: Using JtaPlatform implementation: [org.hibernate.engine.transaction.jta.platform.internal.NoJtaPlatform]
2020-04-22 16:27:46,731 INFO org.springframework.orm.jpa.AbstractEntityManagerFactoryBean [main] Initialized JPA EntityManagerFactory for persistence unit 'default'
2020-04-22 16:27:48,783 WARN org.springframework.boot.autoconfigure.orm.jpa.JpaBaseConfiguration$JpaWebConfiguration [main] spring.jpa.open-in-view is enabled by default. Therefore, database queries may be performed during view rendering. Explicitly configure spring.jpa.open-in-view to disable this warning
2020-04-22 16:27:49,106 INFO org.springframework.scheduling.concurrent.ExecutorConfigurationSupport [main] Initializing ExecutorService 'applicationTaskExecutor'
2020-04-22 16:27:50,321 INFO org.apache.juli.logging.DirectJDKLog [main] Starting ProtocolHandler ["http-nio-8081"]
2020-04-22 16:27:50,364 INFO org.springframework.boot.web.embedded.tomcat.TomcatWebServer [main] Tomcat started on port(s): 8081 (http) with context path ''
2020-04-22 16:27:50,369 INFO org.springframework.boot.StartupInfoLogger [main] Started MemberManagementApplication in 12.825 seconds (JVM running for 13.761)
